<?xml version="1.0" encoding="UTF-8"?>
<!-- Generated by org.testng.reporters.JUnitReportReporter -->
<testsuite skipped="0" hostname="DESKTOP-4GM012L" name="com.crm.testscripts.AdminTest" tests="1" failures="0" timestamp="28 Mar 2018 09:52:28 GMT" time="11.671" errors="0">
  <testcase name="createAccountDetails" time="11.671" classname="com.crm.testscripts.AdminTest"/>
</testsuite> <!-- com.crm.testscripts.AdminTest -->
