<?xml version="1.0" encoding="UTF-8"?>
<!-- Generated by org.testng.reporters.JUnitReportReporter -->
<testsuite skipped="0" hostname="DESKTOP-4GM012L" name="com.crm.testscripts.ContactTest" tests="1" failures="0" timestamp="29 Mar 2018 09:23:14 GMT" time="17.427" errors="0">
  <testcase name="createContactusingcsvfile" time="17.427" classname="com.crm.testscripts.ContactTest"/>
</testsuite> <!-- com.crm.testscripts.ContactTest -->
