<?xml version="1.0" encoding="UTF-8"?>
<!-- Generated by org.testng.reporters.JUnitReportReporter -->
<testsuite skipped="0" hostname="DESKTOP-4GM012L" name="com.crm.testscripts.AdmiTest2" tests="1" failures="0" timestamp="11 Apr 2018 07:43:29 GMT" time="29.309" errors="0">
  <testcase name="createContactusingcsvfile" time="29.309" classname="com.crm.testscripts.AdmiTest2"/>
</testsuite> <!-- com.crm.testscripts.AdmiTest2 -->
